Content-Type: text/plain; charset="utf-8"
Content-Transfer-Encoding: quoted-printable
MIME-Version: 1.0
Subject: =?utf-8?b?0KHQsdGA0L7RgSDQv9Cw0YDQvtC70Y8g0L3QsA==?= 127.0.0.1:8000
From: webmaster@localhost
To: shaxzodsadullayev@gmail.com
Date: Sun, 29 Mar 2026 10:18:01 +0000
Message-ID: <177477948161.17724.6858806116472685476@WIN-PDH5QKV6I3E>


Salom!

Siz 127.0.0.1:8000 saytida parolni tiklashni soradingiz.

Agar bu siz bolsangiz, quyidagi link orqali yangi parol ornating:

=F0=9F=91=89 http://127.0.0.1:8000/accounts/reset/Ng/d67ju1-5b835357346674ddf=
890cb78a55bce7d/

Agar bu sorovni siz yubormagan bolsangiz, bu xabarni e'tiborsiz qoldiring.

------------------------------
Foydalanuvchi: shax
Sayt: 127.0.0.1:8000
------------------------------

Hurmat bilan, =20
127.0.0.1:8000 jamoasi

-------------------------------------------------------------------------------
